
*** Running vivado
    with args -log top.vds -m64 -product Vivado -mode batch -messageDb vivado.pb -notrace -source top.tcl


ECHO is off.
ECHO is off.

****** Vivado v2023.2 (64-bit)
  **** SW Build 4029153 on Fri Oct 13 20:14:34 MDT 2023
  **** IP Build 4028589 on Sat Oct 14 00:45:43 MDT 2023
  **** SharedData Build 4025554 on Tue Oct 10 17:18:54 MDT 2023
    ** Copyright 1986-2022 Xilinx, Inc. All Rights Reserved.
    ** Copyright 2022-2023 Advanced Micro Devices, Inc. All Rights Reserved.

source top.tcl -notrace
Command: read_checkpoint -auto_incremental -incremental C:/Users/anony/OneDrive/Documents/FAKS/3-letnik/dn/DN-VHDL-Project/project.srcs/utils_1/imports/synth_1/top.dcp
INFO: [Vivado 12-5825] Read reference checkpoint from C:/Users/anony/OneDrive/Documents/FAKS/3-letnik/dn/DN-VHDL-Project/project.srcs/utils_1/imports/synth_1/top.dcp for incremental synthesis
INFO: [Vivado 12-7989] Please ensure there are no constraint changes
Command: synth_design -top top -part xc7a100tcsg324-1
Starting synth_design
Attempting to get a license for feature 'Synthesis' and/or device 'xc7a100t'
INFO: [Common 17-349] Got license for feature 'Synthesis' and/or device 'xc7a100t'
INFO: [Device 21-403] Loading part xc7a100tcsg324-1
INFO: [Designutils 20-5440] No compile time benefit to using incremental synthesis; A full resynthesis will be run
INFO: [Designutils 20-4379] Flow is switching to default flow due to incremental criteria not met. If you would like to alter this behaviour and have the flow terminate instead, please set the following parameter config_implementation {autoIncr.Synth.RejectBehavior Terminate}
INFO: [Synth 8-7079] Multithreading enabled for synth_design using a maximum of 2 processes.
INFO: [Synth 8-7078] Launching helper process for spawning children vivado processes
INFO: [Synth 8-7075] Helper process launched with PID 9000
---------------------------------------------------------------------------------
Starting RTL Elaboration : Time (s): cpu = 00:00:04 ; elapsed = 00:00:04 . Memory (MB): peak = 1327.051 ; gain = 442.375
---------------------------------------------------------------------------------
INFO: [Synth 8-638] synthesizing module 'top' [C:/Users/anony/OneDrive/Documents/FAKS/3-letnik/dn/DN-VHDL-Project/project.srcs/sources_1/new/top.vhd:34]
INFO: [Synth 8-6157] synthesizing module 'ClkGen' [c:/Users/anony/OneDrive/Documents/FAKS/3-letnik/dn/DN-VHDL-Project/project.gen/sources_1/ip/ClkGen/ClkGen.v:65]
INFO: [Synth 8-6157] synthesizing module 'ClkGen_clk_wiz' [c:/Users/anony/OneDrive/Documents/FAKS/3-letnik/dn/DN-VHDL-Project/project.gen/sources_1/ip/ClkGen/ClkGen_clk_wiz.v:65]
INFO: [Synth 8-6157] synthesizing module 'IBUF' [C:/ExtraPrograms/Xilinx/Vivado/2023.2/scripts/rt/data/unisim_comp.v:73631]
INFO: [Synth 8-6155] done synthesizing module 'IBUF' (0#1) [C:/ExtraPrograms/Xilinx/Vivado/2023.2/scripts/rt/data/unisim_comp.v:73631]
INFO: [Synth 8-6157] synthesizing module 'MMCME2_ADV' [C:/ExtraPrograms/Xilinx/Vivado/2023.2/scripts/rt/data/unisim_comp.v:82174]
	Parameter BANDWIDTH bound to: OPTIMIZED - type: string 
	Parameter CLKFBOUT_MULT_F bound to: 10.125000 - type: double 
	Parameter CLKFBOUT_PHASE bound to: 0.000000 - type: double 
	Parameter CLKFBOUT_USE_FINE_PS bound to: FALSE - type: string 
	Parameter CLKIN1_PERIOD bound to: 10.000000 - type: double 
	Parameter CLKOUT0_DIVIDE_F bound to: 9.375000 - type: double 
	Parameter CLKOUT0_DUTY_CYCLE bound to: 0.500000 - type: double 
	Parameter CLKOUT0_PHASE bound to: 0.000000 - type: double 
	Parameter CLKOUT0_USE_FINE_PS bound to: FALSE - type: string 
	Parameter CLKOUT4_CASCADE bound to: FALSE - type: string 
	Parameter COMPENSATION bound to: ZHOLD - type: string 
	Parameter DIVCLK_DIVIDE bound to: 1 - type: integer 
	Parameter STARTUP_WAIT bound to: FALSE - type: string 
INFO: [Synth 8-6155] done synthesizing module 'MMCME2_ADV' (0#1) [C:/ExtraPrograms/Xilinx/Vivado/2023.2/scripts/rt/data/unisim_comp.v:82174]
INFO: [Synth 8-6157] synthesizing module 'BUFG' [C:/ExtraPrograms/Xilinx/Vivado/2023.2/scripts/rt/data/unisim_comp.v:1951]
INFO: [Synth 8-6155] done synthesizing module 'BUFG' (0#1) [C:/ExtraPrograms/Xilinx/Vivado/2023.2/scripts/rt/data/unisim_comp.v:1951]
INFO: [Synth 8-6155] done synthesizing module 'ClkGen_clk_wiz' (0#1) [c:/Users/anony/OneDrive/Documents/FAKS/3-letnik/dn/DN-VHDL-Project/project.gen/sources_1/ip/ClkGen/ClkGen_clk_wiz.v:65]
INFO: [Synth 8-6155] done synthesizing module 'ClkGen' (0#1) [c:/Users/anony/OneDrive/Documents/FAKS/3-letnik/dn/DN-VHDL-Project/project.gen/sources_1/ip/ClkGen/ClkGen.v:65]
INFO: [Synth 8-638] synthesizing module 'VGA' [C:/Users/anony/OneDrive/Documents/FAKS/3-letnik/dn/DN-VHDL-Project/project.srcs/sources_1/new/VGA.vhd:16]
INFO: [Synth 8-638] synthesizing module 'hsync' [C:/Users/anony/OneDrive/Documents/FAKS/3-letnik/dn/DN-VHDL-Project/project.srcs/sources_1/imports/new/hsync.vhd:15]
INFO: [Synth 8-256] done synthesizing module 'hsync' (0#1) [C:/Users/anony/OneDrive/Documents/FAKS/3-letnik/dn/DN-VHDL-Project/project.srcs/sources_1/imports/new/hsync.vhd:15]
INFO: [Synth 8-638] synthesizing module 'vsync' [C:/Users/anony/OneDrive/Documents/FAKS/3-letnik/dn/DN-VHDL-Project/project.srcs/sources_1/imports/new/vsync.vhd:17]
INFO: [Synth 8-256] done synthesizing module 'vsync' (0#1) [C:/Users/anony/OneDrive/Documents/FAKS/3-letnik/dn/DN-VHDL-Project/project.srcs/sources_1/imports/new/vsync.vhd:17]
INFO: [Synth 8-256] done synthesizing module 'VGA' (0#1) [C:/Users/anony/OneDrive/Documents/FAKS/3-letnik/dn/DN-VHDL-Project/project.srcs/sources_1/new/VGA.vhd:16]
INFO: [Synth 8-638] synthesizing module 'accelerometer' [C:/Users/anony/OneDrive/Documents/FAKS/3-letnik/dn/DN-VHDL-Project/project.srcs/sources_1/new/accelerometer.vhd:25]
INFO: [Synth 8-638] synthesizing module 'ADXL362' [C:/Users/anony/OneDrive/Documents/FAKS/3-letnik/dn/DN-VHDL-Project/project.srcs/sources_1/new/ADXL362.vhd:28]
INFO: [Synth 8-638] synthesizing module 'SPI' [C:/Users/anony/OneDrive/Documents/FAKS/3-letnik/dn/DN-VHDL-Project/project.srcs/sources_1/new/SPI.vhd:24]
INFO: [Synth 8-256] done synthesizing module 'SPI' (0#1) [C:/Users/anony/OneDrive/Documents/FAKS/3-letnik/dn/DN-VHDL-Project/project.srcs/sources_1/new/SPI.vhd:24]
INFO: [Synth 8-256] done synthesizing module 'ADXL362' (0#1) [C:/Users/anony/OneDrive/Documents/FAKS/3-letnik/dn/DN-VHDL-Project/project.srcs/sources_1/new/ADXL362.vhd:28]
INFO: [Synth 8-256] done synthesizing module 'accelerometer' (0#1) [C:/Users/anony/OneDrive/Documents/FAKS/3-letnik/dn/DN-VHDL-Project/project.srcs/sources_1/new/accelerometer.vhd:25]
INFO: [Synth 8-638] synthesizing module 'spaceship' [C:/Users/anony/OneDrive/Documents/FAKS/3-letnik/dn/DN-VHDL-Project/project.srcs/sources_1/new/spaceship.vhd:22]
INFO: [Synth 8-256] done synthesizing module 'spaceship' (0#1) [C:/Users/anony/OneDrive/Documents/FAKS/3-letnik/dn/DN-VHDL-Project/project.srcs/sources_1/new/spaceship.vhd:22]
INFO: [Synth 8-638] synthesizing module 'drawer' [C:/Users/anony/OneDrive/Documents/FAKS/3-letnik/dn/DN-VHDL-Project/project.srcs/sources_1/new/drawer.vhd:25]
INFO: [Synth 8-638] synthesizing module 'spaceshipROM' [C:/Users/anony/OneDrive/Documents/FAKS/3-letnik/dn/DN-VHDL-Project/project.srcs/sources_1/new/spaceshipROM.vhd:14]
INFO: [Synth 8-256] done synthesizing module 'spaceshipROM' (0#1) [C:/Users/anony/OneDrive/Documents/FAKS/3-letnik/dn/DN-VHDL-Project/project.srcs/sources_1/new/spaceshipROM.vhd:14]
INFO: [Synth 8-638] synthesizing module 'starROM' [C:/Users/anony/OneDrive/Documents/FAKS/3-letnik/dn/DN-VHDL-Project/project.srcs/sources_1/new/starROM.vhd:14]
INFO: [Synth 8-256] done synthesizing module 'starROM' (0#1) [C:/Users/anony/OneDrive/Documents/FAKS/3-letnik/dn/DN-VHDL-Project/project.srcs/sources_1/new/starROM.vhd:14]
INFO: [Synth 8-638] synthesizing module 'asteroid' [C:/Users/anony/OneDrive/Documents/FAKS/3-letnik/dn/DN-VHDL-Project/project.srcs/sources_1/new/asteroid.vhd:25]
	Parameter asteroid_pos_x bound to: 240 - type: integer 
	Parameter asteroid_pos_y bound to: 130 - type: integer 
INFO: [Synth 8-638] synthesizing module 'asteroidROM' [C:/Users/anony/OneDrive/Documents/FAKS/3-letnik/dn/DN-VHDL-Project/project.srcs/sources_1/new/asteroidROM.vhd:14]
INFO: [Synth 8-256] done synthesizing module 'asteroidROM' (0#1) [C:/Users/anony/OneDrive/Documents/FAKS/3-letnik/dn/DN-VHDL-Project/project.srcs/sources_1/new/asteroidROM.vhd:14]
INFO: [Synth 8-256] done synthesizing module 'asteroid' (0#1) [C:/Users/anony/OneDrive/Documents/FAKS/3-letnik/dn/DN-VHDL-Project/project.srcs/sources_1/new/asteroid.vhd:25]
INFO: [Synth 8-638] synthesizing module 'asteroid__parameterized0' [C:/Users/anony/OneDrive/Documents/FAKS/3-letnik/dn/DN-VHDL-Project/project.srcs/sources_1/new/asteroid.vhd:25]
	Parameter asteroid_pos_x bound to: 1090 - type: integer 
	Parameter asteroid_pos_y bound to: 190 - type: integer 
INFO: [Synth 8-256] done synthesizing module 'asteroid__parameterized0' (0#1) [C:/Users/anony/OneDrive/Documents/FAKS/3-letnik/dn/DN-VHDL-Project/project.srcs/sources_1/new/asteroid.vhd:25]
INFO: [Synth 8-638] synthesizing module 'asteroid__parameterized1' [C:/Users/anony/OneDrive/Documents/FAKS/3-letnik/dn/DN-VHDL-Project/project.srcs/sources_1/new/asteroid.vhd:25]
	Parameter asteroid_pos_x bound to: 520 - type: integer 
	Parameter asteroid_pos_y bound to: 370 - type: integer 
INFO: [Synth 8-256] done synthesizing module 'asteroid__parameterized1' (0#1) [C:/Users/anony/OneDrive/Documents/FAKS/3-letnik/dn/DN-VHDL-Project/project.srcs/sources_1/new/asteroid.vhd:25]
INFO: [Synth 8-638] synthesizing module 'asteroid__parameterized2' [C:/Users/anony/OneDrive/Documents/FAKS/3-letnik/dn/DN-VHDL-Project/project.srcs/sources_1/new/asteroid.vhd:25]
	Parameter asteroid_pos_x bound to: 870 - type: integer 
	Parameter asteroid_pos_y bound to: 520 - type: integer 
INFO: [Synth 8-256] done synthesizing module 'asteroid__parameterized2' (0#1) [C:/Users/anony/OneDrive/Documents/FAKS/3-letnik/dn/DN-VHDL-Project/project.srcs/sources_1/new/asteroid.vhd:25]
INFO: [Synth 8-638] synthesizing module 'asteroid__parameterized3' [C:/Users/anony/OneDrive/Documents/FAKS/3-letnik/dn/DN-VHDL-Project/project.srcs/sources_1/new/asteroid.vhd:25]
	Parameter asteroid_pos_x bound to: 130 - type: integer 
	Parameter asteroid_pos_y bound to: 600 - type: integer 
INFO: [Synth 8-256] done synthesizing module 'asteroid__parameterized3' (0#1) [C:/Users/anony/OneDrive/Documents/FAKS/3-letnik/dn/DN-VHDL-Project/project.srcs/sources_1/new/asteroid.vhd:25]
INFO: [Synth 8-638] synthesizing module 'asteroid__parameterized4' [C:/Users/anony/OneDrive/Documents/FAKS/3-letnik/dn/DN-VHDL-Project/project.srcs/sources_1/new/asteroid.vhd:25]
	Parameter asteroid_pos_x bound to: 1100 - type: integer 
	Parameter asteroid_pos_y bound to: 750 - type: integer 
INFO: [Synth 8-256] done synthesizing module 'asteroid__parameterized4' (0#1) [C:/Users/anony/OneDrive/Documents/FAKS/3-letnik/dn/DN-VHDL-Project/project.srcs/sources_1/new/asteroid.vhd:25]
INFO: [Synth 8-638] synthesizing module 'asteroid__parameterized5' [C:/Users/anony/OneDrive/Documents/FAKS/3-letnik/dn/DN-VHDL-Project/project.srcs/sources_1/new/asteroid.vhd:25]
	Parameter asteroid_pos_x bound to: 370 - type: integer 
	Parameter asteroid_pos_y bound to: 880 - type: integer 
INFO: [Synth 8-256] done synthesizing module 'asteroid__parameterized5' (0#1) [C:/Users/anony/OneDrive/Documents/FAKS/3-letnik/dn/DN-VHDL-Project/project.srcs/sources_1/new/asteroid.vhd:25]
INFO: [Synth 8-256] done synthesizing module 'drawer' (0#1) [C:/Users/anony/OneDrive/Documents/FAKS/3-letnik/dn/DN-VHDL-Project/project.srcs/sources_1/new/drawer.vhd:25]
INFO: [Synth 8-638] synthesizing module 'microphone' [C:/Users/anony/OneDrive/Documents/FAKS/3-letnik/dn/DN-VHDL-Project/project.srcs/sources_1/new/microphone.vhd:27]
INFO: [Synth 8-638] synthesizing module 'prescaler' [C:/Users/anony/OneDrive/Documents/FAKS/3-letnik/dn/DN-VHDL-Project/project.srcs/sources_1/new/prescaler.vhd:25]
	Parameter max_period bound to: 54 - type: integer 
INFO: [Synth 8-256] done synthesizing module 'prescaler' (0#1) [C:/Users/anony/OneDrive/Documents/FAKS/3-letnik/dn/DN-VHDL-Project/project.srcs/sources_1/new/prescaler.vhd:25]
INFO: [Synth 8-638] synthesizing module 'prescaler__parameterized0' [C:/Users/anony/OneDrive/Documents/FAKS/3-letnik/dn/DN-VHDL-Project/project.srcs/sources_1/new/prescaler.vhd:25]
	Parameter max_period bound to: 108000000 - type: integer 
INFO: [Synth 8-256] done synthesizing module 'prescaler__parameterized0' (0#1) [C:/Users/anony/OneDrive/Documents/FAKS/3-letnik/dn/DN-VHDL-Project/project.srcs/sources_1/new/prescaler.vhd:25]
INFO: [Synth 8-256] done synthesizing module 'microphone' (0#1) [C:/Users/anony/OneDrive/Documents/FAKS/3-letnik/dn/DN-VHDL-Project/project.srcs/sources_1/new/microphone.vhd:27]
INFO: [Synth 8-638] synthesizing module 'score' [C:/Users/anony/OneDrive/Documents/FAKS/3-letnik/dn/DN-VHDL-Project/project.srcs/sources_1/new/score.vhd:24]
INFO: [Synth 8-638] synthesizing module 'counter' [C:/Users/anony/OneDrive/Documents/FAKS/3-letnik/dn/DN-VHDL-Project/project.srcs/sources_1/new/counter.vhd:27]
	Parameter n bound to: 32 - type: integer 
INFO: [Synth 8-256] done synthesizing module 'counter' (0#1) [C:/Users/anony/OneDrive/Documents/FAKS/3-letnik/dn/DN-VHDL-Project/project.srcs/sources_1/new/counter.vhd:27]
INFO: [Synth 8-638] synthesizing module 'seg_display' [C:/Users/anony/OneDrive/Documents/FAKS/3-letnik/dn/DN-VHDL-Project/project.srcs/sources_1/new/seg_display.vhd:24]
	Parameter refresh_period bound to: 1600000 - type: integer 
INFO: [Synth 8-638] synthesizing module 'prescaler__parameterized1' [C:/Users/anony/OneDrive/Documents/FAKS/3-letnik/dn/DN-VHDL-Project/project.srcs/sources_1/new/prescaler.vhd:25]
	Parameter max_period bound to: 200000 - type: integer 
INFO: [Synth 8-256] done synthesizing module 'prescaler__parameterized1' (0#1) [C:/Users/anony/OneDrive/Documents/FAKS/3-letnik/dn/DN-VHDL-Project/project.srcs/sources_1/new/prescaler.vhd:25]
INFO: [Synth 8-256] done synthesizing module 'seg_display' (0#1) [C:/Users/anony/OneDrive/Documents/FAKS/3-letnik/dn/DN-VHDL-Project/project.srcs/sources_1/new/seg_display.vhd:24]
INFO: [Synth 8-256] done synthesizing module 'score' (0#1) [C:/Users/anony/OneDrive/Documents/FAKS/3-letnik/dn/DN-VHDL-Project/project.srcs/sources_1/new/score.vhd:24]
INFO: [Synth 8-256] done synthesizing module 'top' (0#1) [C:/Users/anony/OneDrive/Documents/FAKS/3-letnik/dn/DN-VHDL-Project/project.srcs/sources_1/new/top.vhd:34]
WARNING: [Synth 8-7129] Port clock in module asteroidROM is either unconnected or has no load
WARNING: [Synth 8-7129] Port clock in module starROM is either unconnected or has no load
WARNING: [Synth 8-7129] Port clock in module spaceshipROM is either unconnected or has no load
WARNING: [Synth 8-7129] Port rand_value[31] in module drawer is either unconnected or has no load
WARNING: [Synth 8-7129] Port rand_value[30] in module drawer is either unconnected or has no load
WARNING: [Synth 8-7129] Port rand_value[29] in module drawer is either unconnected or has no load
WARNING: [Synth 8-7129] Port rand_value[28] in module drawer is either unconnected or has no load
WARNING: [Synth 8-7129] Port rand_value[27] in module drawer is either unconnected or has no load
WARNING: [Synth 8-7129] Port rand_value[26] in module drawer is either unconnected or has no load
WARNING: [Synth 8-7129] Port rand_value[25] in module drawer is either unconnected or has no load
WARNING: [Synth 8-7129] Port rand_value[24] in module drawer is either unconnected or has no load
WARNING: [Synth 8-7129] Port rand_value[23] in module drawer is either unconnected or has no load
WARNING: [Synth 8-7129] Port rand_value[22] in module drawer is either unconnected or has no load
WARNING: [Synth 8-7129] Port rand_value[21] in module drawer is either unconnected or has no load
---------------------------------------------------------------------------------
Finished RTL Elaboration : Time (s): cpu = 00:00:06 ; elapsed = 00:00:06 . Memory (MB): peak = 1458.629 ; gain = 573.953
---------------------------------------------------------------------------------
---------------------------------------------------------------------------------
Start Handling Custom Attributes
---------------------------------------------------------------------------------
---------------------------------------------------------------------------------
Finished Handling Custom Attributes : Time (s): cpu = 00:00:06 ; elapsed = 00:00:07 . Memory (MB): peak = 1458.629 ; gain = 573.953
---------------------------------------------------------------------------------
---------------------------------------------------------------------------------
Finished RTL Optimization Phase 1 : Time (s): cpu = 00:00:06 ; elapsed = 00:00:07 . Memory (MB): peak = 1458.629 ; gain = 573.953
---------------------------------------------------------------------------------
Netlist sorting complete. Time (s): cpu = 00:00:00 ; elapsed = 00:00:00.018 . Memory (MB): peak = 1458.629 ; gain = 0.000
INFO: [Netlist 29-17] Analyzing 1 Unisim elements for replacement
INFO: [Netlist 29-28] Unisim Transformation completed in 0 CPU seconds
INFO: [Project 1-570] Preparing netlist for logic optimization

Processing XDC Constraints
Initializing timing engine
Parsing XDC File [c:/Users/anony/OneDrive/Documents/FAKS/3-letnik/dn/DN-VHDL-Project/project.gen/sources_1/ip/ClkGen/ClkGen_board.xdc] for cell 'clk108/inst'
Finished Parsing XDC File [c:/Users/anony/OneDrive/Documents/FAKS/3-letnik/dn/DN-VHDL-Project/project.gen/sources_1/ip/ClkGen/ClkGen_board.xdc] for cell 'clk108/inst'
Parsing XDC File [c:/Users/anony/OneDrive/Documents/FAKS/3-letnik/dn/DN-VHDL-Project/project.gen/sources_1/ip/ClkGen/ClkGen.xdc] for cell 'clk108/inst'
Finished Parsing XDC File [c:/Users/anony/OneDrive/Documents/FAKS/3-letnik/dn/DN-VHDL-Project/project.gen/sources_1/ip/ClkGen/ClkGen.xdc] for cell 'clk108/inst'
INFO: [Project 1-236] Implementation specific constraints were found while reading constraint file [c:/Users/anony/OneDrive/Documents/FAKS/3-letnik/dn/DN-VHDL-Project/project.gen/sources_1/ip/ClkGen/ClkGen.xdc]. These constraints will be ignored for synthesis but will be used in implementation. Impacted constraints are listed in the file [.Xil/top_propImpl.xdc].
Resolution: To avoid this warning, move constraints listed in [.Xil/top_propImpl.xdc] to another XDC file and exclude this new file from synthesis with the used_in_synthesis property (File Properties dialog in GUI) and re-run elaboration/synthesis.
INFO: [Timing 38-2] Deriving generated clocks
Parsing XDC File [C:/Users/anony/OneDrive/Documents/FAKS/3-letnik/dn/DN-VHDL-Project/project.srcs/constrs_1/imports/dn/Nexys-A7-100T-Master.xdc]
WARNING: [Vivado 12-584] No ports matched 'BTNU'. [C:/Users/anony/OneDrive/Documents/FAKS/3-letnik/dn/DN-VHDL-Project/project.srcs/constrs_1/imports/dn/Nexys-A7-100T-Master.xdc:78]
CRITICAL WARNING: [Common 17-55] 'set_property' expects at least one object. [C:/Users/anony/OneDrive/Documents/FAKS/3-letnik/dn/DN-VHDL-Project/project.srcs/constrs_1/imports/dn/Nexys-A7-100T-Master.xdc:78]
Resolution: If [get_<value>] was used to populate the object, check to make sure this command returns at least one valid object.
Finished Parsing XDC File [C:/Users/anony/OneDrive/Documents/FAKS/3-letnik/dn/DN-VHDL-Project/project.srcs/constrs_1/imports/dn/Nexys-A7-100T-Master.xdc]
INFO: [Project 1-236] Implementation specific constraints were found while reading constraint file [C:/Users/anony/OneDrive/Documents/FAKS/3-letnik/dn/DN-VHDL-Project/project.srcs/constrs_1/imports/dn/Nexys-A7-100T-Master.xdc]. These constraints will be ignored for synthesis but will be used in implementation. Impacted constraints are listed in the file [.Xil/top_propImpl.xdc].
Resolution: To avoid this warning, move constraints listed in [.Xil/top_propImpl.xdc] to another XDC file and exclude this new file from synthesis with the used_in_synthesis property (File Properties dialog in GUI) and re-run elaboration/synthesis.
Parsing XDC File [C:/Users/anony/OneDrive/Documents/FAKS/3-letnik/dn/DN-VHDL-Project/project.runs/synth_1/dont_touch.xdc]
Finished Parsing XDC File [C:/Users/anony/OneDrive/Documents/FAKS/3-letnik/dn/DN-VHDL-Project/project.runs/synth_1/dont_touch.xdc]
INFO: [Project 1-236] Implementation specific constraints were found while reading constraint file [C:/Users/anony/OneDrive/Documents/FAKS/3-letnik/dn/DN-VHDL-Project/project.runs/synth_1/dont_touch.xdc]. These constraints will be ignored for synthesis but will be used in implementation. Impacted constraints are listed in the file [.Xil/top_propImpl.xdc].
Resolution: To avoid this warning, move constraints listed in [.Xil/top_propImpl.xdc] to another XDC file and exclude this new file from synthesis with the used_in_synthesis property (File Properties dialog in GUI) and re-run elaboration/synthesis.
INFO: [Timing 38-2] Deriving generated clocks
Completed Processing XDC Constraints

Netlist sorting complete. Time (s): cpu = 00:00:00 ; elapsed = 00:00:00 . Memory (MB): peak = 1510.480 ; gain = 0.000
INFO: [Project 1-111] Unisim Transformation Summary:
No Unisim elements were transformed.

The system cannot find the path specified.
Constraint Validation Runtime : Time (s): cpu = 00:00:00 ; elapsed = 00:00:00.012 . Memory (MB): peak = 1510.480 ; gain = 0.000
INFO: [Designutils 20-5440] No compile time benefit to using incremental synthesis; A full resynthesis will be run
INFO: [Designutils 20-4379] Flow is switching to default flow due to incremental criteria not met. If you would like to alter this behaviour and have the flow terminate instead, please set the following parameter config_implementation {autoIncr.Synth.RejectBehavior Terminate}
---------------------------------------------------------------------------------
Finished Constraint Validation : Time (s): cpu = 00:00:12 ; elapsed = 00:00:13 . Memory (MB): peak = 1510.480 ; gain = 625.805
---------------------------------------------------------------------------------
---------------------------------------------------------------------------------
Start Loading Part and Timing Information
---------------------------------------------------------------------------------
Loading part: xc7a100tcsg324-1
---------------------------------------------------------------------------------
Finished Loading Part and Timing Information : Time (s): cpu = 00:00:13 ; elapsed = 00:00:13 . Memory (MB): peak = 1510.480 ; gain = 625.805
---------------------------------------------------------------------------------
---------------------------------------------------------------------------------
Start Applying 'set_property' XDC Constraints
---------------------------------------------------------------------------------
Applied set_property KEEP_HIERARCHY = SOFT for clk108/inst. (constraint file  C:/Users/anony/OneDrive/Documents/FAKS/3-letnik/dn/DN-VHDL-Project/project.runs/synth_1/dont_touch.xdc, line 10).
Applied set_property KEEP_HIERARCHY = SOFT for clk108. (constraint file  auto generated constraint).
---------------------------------------------------------------------------------
Finished applying 'set_property' XDC Constraints : Time (s): cpu = 00:00:13 ; elapsed = 00:00:13 . Memory (MB): peak = 1510.480 ; gain = 625.805
---------------------------------------------------------------------------------
INFO: [Synth 8-802] inferred FSM for state register 'current_state_reg' in module 'SPI'
INFO: [Synth 8-802] inferred FSM for state register 'current_state_sendreceive_reg' in module 'ADXL362'
INFO: [Synth 8-802] inferred FSM for state register 'current_state_transaction_reg' in module 'ADXL362'
INFO: [Synth 8-802] inferred FSM for state register 'current_state_controller_reg' in module 'ADXL362'
---------------------------------------------------------------------------------------------------
                   State |                     New Encoding |                Previous Encoding 
---------------------------------------------------------------------------------------------------
              state_idle |                               00 |                           101000
           state_prepare |                               01 |                           000010
             state_shift |                               10 |                           010110
              state_done |                               11 |                           000011
---------------------------------------------------------------------------------------------------
INFO: [Synth 8-3354] encoded FSM with state register 'current_state_reg' using encoding 'sequential' in module 'SPI'
---------------------------------------------------------------------------------------------------
                   State |                     New Encoding |                Previous Encoding 
---------------------------------------------------------------------------------------------------
 state_send_receive_idle |                              000 |                            00000
   state_prepare_command |                              001 |                            01000
  state_send_start_write |                              010 |                            00001
state_wait_on_done_write |                              011 |                            10000
   state_send_start_read |                              100 |                            10001
 state_wait_on_done_read |                              101 |                            00100
 state_send_receive_done |                              110 |                            00010
---------------------------------------------------------------------------------------------------
INFO: [Synth 8-3354] encoded FSM with state register 'current_state_sendreceive_reg' using encoding 'sequential' in module 'ADXL362'
---------------------------------------------------------------------------------------------------
                   State |                     New Encoding |                Previous Encoding 
---------------------------------------------------------------------------------------------------
  state_transaction_idle |                              000 |                         00000000
state_prep_and_send_command |                              001 |                         01111100
state_wait_on_done_sendreceive |                              010 |                         00000110
state_wait_for_ss_inactive |                              011 |                         10000000
  state_transaction_done |                              100 |                         00000001
---------------------------------------------------------------------------------------------------
INFO: [Synth 8-3354] encoded FSM with state register 'current_state_transaction_reg' using encoding 'sequential' in module 'ADXL362'
---------------------------------------------------------------------------------------------------
                   State |                     New Encoding |                Previous Encoding 
---------------------------------------------------------------------------------------------------
      state_control_idle |                             0000 |                       0010010000
state_send_reset_command |                             0001 |                       0001100100
state_wait_on_done_reset |                             0010 |                       0001000000
state_configure_remaining |                             0011 |                       1001100100
state_wait_for_sample_rate_clock_enable |                             0100 |                       0000010000
       state_read_status |                             0101 |                       0101100100
         state_read_data |                             0110 |                       0001100000
    state_format_and_sum |                             0111 |                       0000001010
     state_read_finished |                             1000 |                       0000000101
---------------------------------------------------------------------------------------------------
INFO: [Synth 8-3354] encoded FSM with state register 'current_state_controller_reg' using encoding 'sequential' in module 'ADXL362'
---------------------------------------------------------------------------------
Finished RTL Optimization Phase 2 : Time (s): cpu = 00:00:13 ; elapsed = 00:00:14 . Memory (MB): peak = 1510.480 ; gain = 625.805
---------------------------------------------------------------------------------
---------------------------------------------------------------------------------
Start RTL Component Statistics 
---------------------------------------------------------------------------------
Detailed RTL Component Info : 
+---Adders : 
	   2 Input   27 Bit       Adders := 2     
	   2 Input   18 Bit       Adders := 1     
	   2 Input   13 Bit       Adders := 5     
	   2 Input   12 Bit       Adders := 11    
	   2 Input   11 Bit       Adders := 18    
	   2 Input   10 Bit       Adders := 6     
	   2 Input    6 Bit       Adders := 3     
	   2 Input    4 Bit       Adders := 1     
	   2 Input    3 Bit       Adders := 2     
	   2 Input    2 Bit       Adders := 2     
+---Registers : 
	               32 Bit    Registers := 2     
	               16 Bit    Registers := 1     
	               13 Bit    Registers := 3     
	               12 Bit    Registers := 11    
	               11 Bit    Registers := 8     
	               10 Bit    Registers := 3     
	                8 Bit    Registers := 17    
	                6 Bit    Registers := 2     
	                5 Bit    Registers := 1     
	                4 Bit    Registers := 4     
	                3 Bit    Registers := 2     
	                2 Bit    Registers := 2     
	                1 Bit    Registers := 24    
+---Muxes : 
	   2 Input   32 Bit        Muxes := 1     
	   2 Input   27 Bit        Muxes := 1     
	   2 Input   13 Bit        Muxes := 3     
	   2 Input   12 Bit        Muxes := 7     
	   2 Input   11 Bit        Muxes := 10    
	   2 Input   10 Bit        Muxes := 8     
	  10 Input   10 Bit        Muxes := 1     
	   2 Input    9 Bit        Muxes := 1     
	   2 Input    8 Bit        Muxes := 5     
	   6 Input    8 Bit        Muxes := 1     
	   5 Input    8 Bit        Muxes := 2     
	  17 Input    8 Bit        Muxes := 1     
	   4 Input    7 Bit        Muxes := 1     
	   4 Input    6 Bit        Muxes := 2     
	   3 Input    5 Bit        Muxes := 1     
	   2 Input    5 Bit        Muxes := 1     
	   8 Input    5 Bit        Muxes := 1     
	   2 Input    4 Bit        Muxes := 10    
	   9 Input    4 Bit        Muxes := 1     
	   8 Input    4 Bit        Muxes := 1     
	   2 Input    3 Bit        Muxes := 8     
	   7 Input    3 Bit        Muxes := 1     
	   5 Input    3 Bit        Muxes := 1     
	   4 Input    3 Bit        Muxes := 1     
	   9 Input    3 Bit        Muxes := 1     
	   4 Input    2 Bit        Muxes := 2     
	   2 Input    2 Bit        Muxes := 3     
	   2 Input    1 Bit        Muxes := 42    
	   4 Input    1 Bit        Muxes := 1     
	   7 Input    1 Bit        Muxes := 1     
	   5 Input    1 Bit        Muxes := 1     
	   9 Input    1 Bit        Muxes := 1     
---------------------------------------------------------------------------------
Finished RTL Component Statistics 
---------------------------------------------------------------------------------
---------------------------------------------------------------------------------
Start Part Resource Summary
---------------------------------------------------------------------------------
Part Resources:
DSPs: 240 (col length:80)
BRAMs: 270 (col length: RAMB18 80 RAMB36 40)
---------------------------------------------------------------------------------
Finished Part Resource Summary
---------------------------------------------------------------------------------
---------------------------------------------------------------------------------
Start Cross Boundary and Area Optimization
---------------------------------------------------------------------------------
WARNING: [Synth 8-7080] Parallel synthesis criteria is not met
WARNING: [Synth 8-7129] Port clock in module asteroidROM is either unconnected or has no load
WARNING: [Synth 8-7129] Port clock in module starROM is either unconnected or has no load
WARNING: [Synth 8-7129] Port clock in module spaceshipROM is either unconnected or has no load
WARNING: [Synth 8-7129] Port rand_value[31] in module drawer is either unconnected or has no load
WARNING: [Synth 8-7129] Port rand_value[30] in module drawer is either unconnected or has no load
WARNING: [Synth 8-7129] Port rand_value[29] in module drawer is either unconnected or has no load
WARNING: [Synth 8-7129] Port rand_value[28] in module drawer is either unconnected or has no load
WARNING: [Synth 8-7129] Port rand_value[27] in module drawer is either unconnected or has no load
WARNING: [Synth 8-7129] Port rand_value[26] in module drawer is either unconnected or has no load
WARNING: [Synth 8-7129] Port rand_value[25] in module drawer is either unconnected or has no load
WARNING: [Synth 8-7129] Port rand_value[24] in module drawer is either unconnected or has no load
WARNING: [Synth 8-7129] Port rand_value[23] in module drawer is either unconnected or has no load
WARNING: [Synth 8-7129] Port rand_value[22] in module drawer is either unconnected or has no load
WARNING: [Synth 8-7129] Port rand_value[21] in module drawer is either unconnected or has no load
---------------------------------------------------------------------------------
Finished Cross Boundary and Area Optimization : Time (s): cpu = 00:01:17 ; elapsed = 00:01:19 . Memory (MB): peak = 1678.434 ; gain = 793.758
---------------------------------------------------------------------------------
---------------------------------------------------------------------------------
Start ROM, RAM, DSP, Shift Register and Retiming Reporting
---------------------------------------------------------------------------------

ROM: Preliminary Mapping Report
+-------------+------------+---------------+----------------+
|Module Name  | RTL Object | Depth x Width | Implemented As | 
+-------------+------------+---------------+----------------+
|spaceshipROM | ROM        | 2048x11       | LUT            | 
|starROM      | ROM        | 8192x2        | LUT            | 
|asteroidROM  | ROM        | 4096x12       | LUT            | 
+-------------+------------+---------------+----------------+

---------------------------------------------------------------------------------
Finished ROM, RAM, DSP, Shift Register and Retiming Reporting
---------------------------------------------------------------------------------
---------------------------------------------------------------------------------
Start Applying XDC Timing Constraints
---------------------------------------------------------------------------------
---------------------------------------------------------------------------------
Finished Applying XDC Timing Constraints : Time (s): cpu = 00:01:21 ; elapsed = 00:01:23 . Memory (MB): peak = 1678.434 ; gain = 793.758
---------------------------------------------------------------------------------
---------------------------------------------------------------------------------
Start Timing Optimization
---------------------------------------------------------------------------------
---------------------------------------------------------------------------------
Finished Timing Optimization : Time (s): cpu = 00:01:26 ; elapsed = 00:01:28 . Memory (MB): peak = 1678.434 ; gain = 793.758
---------------------------------------------------------------------------------
---------------------------------------------------------------------------------
Start Technology Mapping
---------------------------------------------------------------------------------
---------------------------------------------------------------------------------
Finished Technology Mapping : Time (s): cpu = 00:01:32 ; elapsed = 00:01:34 . Memory (MB): peak = 1678.434 ; gain = 793.758
---------------------------------------------------------------------------------
---------------------------------------------------------------------------------
Start IO Insertion
---------------------------------------------------------------------------------
---------------------------------------------------------------------------------
Start Flattening Before IO Insertion
---------------------------------------------------------------------------------
---------------------------------------------------------------------------------
Finished Flattening Before IO Insertion
---------------------------------------------------------------------------------
---------------------------------------------------------------------------------
Start Final Netlist Cleanup
---------------------------------------------------------------------------------
---------------------------------------------------------------------------------
Finished Final Netlist Cleanup
---------------------------------------------------------------------------------
---------------------------------------------------------------------------------
Finished IO Insertion : Time (s): cpu = 00:01:37 ; elapsed = 00:01:39 . Memory (MB): peak = 1678.434 ; gain = 793.758
---------------------------------------------------------------------------------
---------------------------------------------------------------------------------
Start Renaming Generated Instances
---------------------------------------------------------------------------------
---------------------------------------------------------------------------------
Finished Renaming Generated Instances : Time (s): cpu = 00:01:37 ; elapsed = 00:01:39 . Memory (MB): peak = 1678.434 ; gain = 793.758
---------------------------------------------------------------------------------
---------------------------------------------------------------------------------
Start Rebuilding User Hierarchy
---------------------------------------------------------------------------------
---------------------------------------------------------------------------------
Finished Rebuilding User Hierarchy : Time (s): cpu = 00:01:37 ; elapsed = 00:01:39 . Memory (MB): peak = 1678.434 ; gain = 793.758
---------------------------------------------------------------------------------
---------------------------------------------------------------------------------
Start Renaming Generated Ports
---------------------------------------------------------------------------------
---------------------------------------------------------------------------------
Finished Renaming Generated Ports : Time (s): cpu = 00:01:37 ; elapsed = 00:01:39 . Memory (MB): peak = 1678.434 ; gain = 793.758
---------------------------------------------------------------------------------
---------------------------------------------------------------------------------
Start Handling Custom Attributes
---------------------------------------------------------------------------------
---------------------------------------------------------------------------------
Finished Handling Custom Attributes : Time (s): cpu = 00:01:37 ; elapsed = 00:01:39 . Memory (MB): peak = 1678.434 ; gain = 793.758
---------------------------------------------------------------------------------
---------------------------------------------------------------------------------
Start Renaming Generated Nets
---------------------------------------------------------------------------------
---------------------------------------------------------------------------------
Finished Renaming Generated Nets : Time (s): cpu = 00:01:37 ; elapsed = 00:01:39 . Memory (MB): peak = 1678.434 ; gain = 793.758
---------------------------------------------------------------------------------
---------------------------------------------------------------------------------
Start ROM, RAM, DSP, Shift Register and Retiming Reporting
---------------------------------------------------------------------------------

Static Shift Register Report:
+------------+--------------------------------------------+--------+-------+--------------+--------------------+-------------------+--------+---------+
|Module Name | RTL Name                                   | Length | Width | Reset Signal | Pull out first Reg | Pull out last Reg | SRL16E | SRLC32E | 
+------------+--------------------------------------------+--------+-------+--------------+--------------------+-------------------+--------+---------+
|top         | accelerometer/adxl/data_register_reg[4][7] | 4      | 2     | NO           | NO                 | YES               | 2      | 0       | 
|top         | accelerometer/adxl/data_register_reg[4][6] | 5      | 6     | NO           | NO                 | YES               | 6      | 0       | 
+------------+--------------------------------------------+--------+-------+--------------+--------------------+-------------------+--------+---------+

---------------------------------------------------------------------------------
Finished ROM, RAM, DSP, Shift Register and Retiming Reporting
---------------------------------------------------------------------------------
---------------------------------------------------------------------------------
Start Writing Synthesis Report
---------------------------------------------------------------------------------

Report BlackBoxes: 
+-+--------------+----------+
| |BlackBox name |Instances |
+-+--------------+----------+
+-+--------------+----------+

Report Cell Usage: 
+------+-----------+------+
|      |Cell       |Count |
+------+-----------+------+
|1     |BUFG       |     2|
|2     |CARRY4     |   134|
|3     |LUT1       |    77|
|4     |LUT2       |   375|
|5     |LUT3       |   122|
|6     |LUT4       |   147|
|7     |LUT5       |   319|
|8     |LUT6       |  4674|
|9     |MMCME2_ADV |     1|
|10    |MUXF7      |  1840|
|11    |MUXF8      |   653|
|12    |SRL16E     |     8|
|13    |FDRE       |   675|
|14    |FDSE       |    27|
|15    |IBUF       |     5|
|16    |OBUF       |    51|
+------+-----------+------+
---------------------------------------------------------------------------------
Finished Writing Synthesis Report : Time (s): cpu = 00:01:37 ; elapsed = 00:01:39 . Memory (MB): peak = 1678.434 ; gain = 793.758
---------------------------------------------------------------------------------
Synthesis finished with 0 errors, 0 critical warnings and 15 warnings.
Synthesis Optimization Runtime : Time (s): cpu = 00:01:29 ; elapsed = 00:01:37 . Memory (MB): peak = 1678.434 ; gain = 741.906
Synthesis Optimization Complete : Time (s): cpu = 00:01:37 ; elapsed = 00:01:39 . Memory (MB): peak = 1678.434 ; gain = 793.758
INFO: [Project 1-571] Translating synthesized netlist
Netlist sorting complete. Time (s): cpu = 00:00:00 ; elapsed = 00:00:00.061 . Memory (MB): peak = 1678.434 ; gain = 0.000
INFO: [Netlist 29-17] Analyzing 2628 Unisim elements for replacement
INFO: [Netlist 29-28] Unisim Transformation completed in 0 CPU seconds
INFO: [Project 1-570] Preparing netlist for logic optimization
INFO: [Opt 31-138] Pushed 0 inverter(s) to 0 load pin(s).
Netlist sorting complete. Time (s): cpu = 00:00:00 ; elapsed = 00:00:00.001 . Memory (MB): peak = 1678.434 ; gain = 0.000
INFO: [Project 1-111] Unisim Transformation Summary:
No Unisim elements were transformed.

The system cannot find the path specified.
Synth Design complete | Checksum: df842e1f
INFO: [Common 17-83] Releasing license: Synthesis
97 Infos, 30 Warnings, 1 Critical Warnings and 0 Errors encountered.
synth_design completed successfully
synth_design: Time (s): cpu = 00:01:42 ; elapsed = 00:01:44 . Memory (MB): peak = 1678.434 ; gain = 1203.211
INFO: [runtcl-6] Synthesis results are not added to the cache due to CRITICAL_WARNING
Write ShapeDB Complete: Time (s): cpu = 00:00:00 ; elapsed = 00:00:00.022 . Memory (MB): peak = 1678.434 ; gain = 0.000
INFO: [Common 17-1381] The checkpoint 'C:/Users/anony/OneDrive/Documents/FAKS/3-letnik/dn/DN-VHDL-Project/project.runs/synth_1/top.dcp' has been generated.
INFO: [runtcl-4] Executing : report_utilization -file top_utilization_synth.rpt -pb top_utilization_synth.pb
INFO: [Common 17-206] Exiting Vivado at Tue Jan 23 21:23:16 2024...
