Copyright 1986-2022 Xilinx, Inc. All Rights Reserved. Copyright 2022-2023 Advanced Micro Devices, Inc. All Rights Reserved.
---------------------------------------------------------------------------------------------------------------------------------------------
| Tool Version : Vivado v.2023.2 (win64) Build 4029153 Fri Oct 13 20:14:34 MDT 2023
| Date         : Tue Jan 23 21:44:33 2024
| Host         : LAPTOP-HLQDUBUP running 64-bit major release  (build 9200)
| Command      : report_control_sets -verbose -file top_control_sets_placed.rpt
| Design       : top
| Device       : xc7a100t
---------------------------------------------------------------------------------------------------------------------------------------------

Control Set Information

Table of Contents
-----------------
1. Summary
2. Histogram
3. Flip-Flop Distribution
4. Detailed Control Set Information

1. Summary
----------

+----------------------------------------------------------+-------+
|                          Status                          | Count |
+----------------------------------------------------------+-------+
| Total control sets                                       |    48 |
|    Minimum number of control sets                        |    48 |
|    Addition due to synthesis replication                 |     0 |
|    Addition due to physical synthesis replication        |     0 |
| Unused register locations in slices containing registers |   161 |
+----------------------------------------------------------+-------+
* Control sets can be merged at opt_design using control_set_merge or merge_equivalent_drivers
** Run report_qor_suggestions for automated merging and remapping suggestions


2. Histogram
------------

+--------------------+-------+
|       Fanout       | Count |
+--------------------+-------+
| Total control sets |    48 |
| >= 0 to < 4        |     2 |
| >= 4 to < 6        |     5 |
| >= 6 to < 8        |     7 |
| >= 8 to < 10       |     5 |
| >= 10 to < 12      |     6 |
| >= 12 to < 14      |     8 |
| >= 14 to < 16      |     0 |
| >= 16              |    15 |
+--------------------+-------+
* Control sets can be remapped at either synth_design or opt_design


3. Flip-Flop Distribution
-------------------------

+--------------+-----------------------+------------------------+-----------------+--------------+
| Clock Enable | Synchronous Set/Reset | Asynchronous Set/Reset | Total Registers | Total Slices |
+--------------+-----------------------+------------------------+-----------------+--------------+
| No           | No                    | No                     |              29 |           15 |
| No           | No                    | Yes                    |               0 |            0 |
| No           | Yes                   | No                     |             158 |           54 |
| Yes          | No                    | No                     |             133 |           44 |
| Yes          | No                    | Yes                    |               0 |            0 |
| Yes          | Yes                   | No                     |             343 |          150 |
+--------------+-----------------------+------------------------+-----------------+--------------+


4. Detailed Control Set Information
-----------------------------------

+------------------------+--------------------------------------------------+---------------------------------------------------+------------------+----------------+--------------+
|      Clock Signal      |                   Enable Signal                  |                  Set/Reset Signal                 | Slice Load Count | Bel Load Count | Bels / Slice |
+------------------------+--------------------------------------------------+---------------------------------------------------+------------------+----------------+--------------+
|  clk108/inst/clk108mhz | VGA/hsync/q_i_2__0_n_0                           | accelerometer/adxl/spi/SR[0]                      |                1 |              1 |         1.00 |
|  clk108/inst/clk108mhz | VGA/vsync/q_i_1_n_0                              | accelerometer/adxl/spi/SR[0]                      |                1 |              1 |         1.00 |
|  clk108/inst/clk108mhz |                                                  | drawer/a1/valid_reg_2                             |                2 |              4 |         2.00 |
|  clk108/inst/clk108mhz | accelerometer/adxl/sel                           | accelerometer/adxl/reser_number_of_reads_counter  |                1 |              4 |         4.00 |
|  clk108/inst/clk108mhz | accelerometer/adxl/command_regiset[0]_2          | accelerometer/adxl/command_regiset[0][6]_i_1_n_0  |                1 |              4 |         4.00 |
|  clk108/inst/clk108mhz | spaceship/pos_y                                  | spaceship/pos_x[10]_i_1_n_0                       |                1 |              4 |         4.00 |
|  clk108/inst/clk108mhz | accelerometer/adxl/command_regiset[1][6]_i_2_n_0 | accelerometer/adxl/command_regiset[1]0_in[7]      |                1 |              5 |         5.00 |
|  clk108/inst/clk108mhz |                                                  | accelerometer/adxl/spi/counter0                   |                2 |              6 |         3.00 |
|  clk108/inst/clk108mhz | accelerometer/adxl/command_regiset[2]_3          | accelerometer/adxl/command_regiset[2]_1[7]        |                1 |              6 |         6.00 |
|  clk108/inst/clk108mhz |                                                  | microphone/mic_1MHz_clk/count[5]_i_1__1_n_0       |                2 |              6 |         3.00 |
|  clk108/inst/clk108mhz | spaceship/clock_enable                           | spaceship/pos_y[9]_i_1_n_0                        |                2 |              7 |         3.50 |
|  clk108/inst/clk108mhz | score/seven_seg/prescaler/clock_enable_reg_0     | score/seven_seg/anodes11_out                      |                2 |              7 |         3.50 |
|  clk108/inst/clk108mhz | VGA/hsync/CPU_RESETN                             |                                                   |                6 |              7 |         1.17 |
|  clk108/inst/clk108mhz | accelerometer/adxl/shift_command_register        | accelerometer/adxl/spi/SR[0]                      |                2 |              7 |         3.50 |
|  clk108/inst/clk108mhz | accelerometer/adxl/spi/mosi_register[7]_i_1_n_0  |                                                   |                1 |              8 |         8.00 |
|  clk108/inst/clk108mhz | accelerometer/adxl/spi/rising_edge_shift         |                                                   |                2 |              8 |         4.00 |
|  clk108/inst/clk108mhz | accelerometer/adxl/spi/E[0]                      | accelerometer/adxl/spi/SR[0]                      |                4 |              8 |         2.00 |
|  clk108/inst/clk108mhz | accelerometer/adxl/next_state_transaction        | accelerometer/adxl/spi/SR[0]                      |                2 |              8 |         4.00 |
|  clk108/inst/clk108mhz | accelerometer/adxl/spi/data_out_enable           |                                                   |                2 |              8 |         4.00 |
|  clk108/inst/clk108mhz |                                                  | accelerometer/adxl/spi/SR[0]                      |                9 |             10 |         1.11 |
|  clk108/inst/clk108mhz | spaceship/pos_y                                  |                                                   |                2 |             10 |         5.00 |
|  clk108/inst/clk108mhz |                                                  | VGA/hsync/reset_count                             |                5 |             11 |         2.20 |
|  clk108/inst/clk108mhz |                                                  | accelerometer/adxl/ss_inactive_count0             |                4 |             11 |         2.75 |
|  clk108/inst/clk108mhz | VGA/hsync/clock_enable                           | VGA/vsync/reset_count                             |                5 |             11 |         2.20 |
|  clk108/inst/clk108mhz | spaceship/display_spaceship                      | spaceship/spaceship_ROM_address[10]_i_4[0]        |                3 |             11 |         3.67 |
|  clk108/inst/clk108mhz | VGA/hsync/valid_i_1__4[0]                        | VGA/vsync/count_reg[2]_1                          |                7 |             12 |         1.71 |
|  clk108/inst/clk108mhz | VGA/hsync/valid_i_1__0_0[0]                      | VGA/vsync/count_reg[2]_1                          |                8 |             12 |         1.50 |
|  clk108/inst/clk108mhz | VGA/hsync/valid_i_2__0_0[0]                      | VGA/vsync/count_reg[2]_1                          |                8 |             12 |         1.50 |
|  clk108/inst/clk108mhz | VGA/hsync/valid_i_1__1_0[0]                      | VGA/vsync/count_reg[2]_1                          |                9 |             12 |         1.33 |
|  clk108/inst/clk108mhz | VGA/hsync/E[0]                                   | VGA/vsync/count_reg[2]_1                          |                8 |             12 |         1.50 |
|  clk108/inst/clk108mhz | VGA/hsync/count_reg[7]_1[0]                      | VGA/vsync/count_reg[2]_1                          |                8 |             12 |         1.50 |
|  clk108/inst/clk108mhz | accelerometer/adxl/next_state_controller         | accelerometer/adxl/spi/SR[0]                      |                5 |             13 |         2.60 |
|  clk108/inst/clk108mhz | drawer/display_star                              | drawer/star_ROM_address[12]_i_1_n_0               |                6 |             13 |         2.17 |
|  clk108/inst/clk108mhz |                                                  | accelerometer/adxl/sample_rate_counter[0]_i_1_n_0 |                5 |             17 |         3.40 |
|  clk108/inst/clk108mhz |                                                  | score/seven_seg/prescaler/count[0]_i_1__5_n_0     |                5 |             18 |         3.60 |
|  clk108/inst/clk108mhz | VGA/hsync/ROM_address                            | VGA/vsync/count_reg[2]_1                          |               12 |             18 |         1.50 |
|  clk108/inst/clk108mhz |                                                  | spaceship/count[0]_i_1__6_n_0                     |                6 |             21 |         3.50 |
|  clk108/inst/clk108mhz | drawer/star_pos_x0                               | accelerometer/adxl/spi/SR[0]                      |               10 |             21 |         2.10 |
|  clk108/inst/clk108mhz | microphone/mic_1MHz_clk/E[0]                     |                                                   |                7 |             21 |         3.00 |
|  clk108/inst/clk108mhz | accelerometer/adxl/delaying_data_ready           | accelerometer/adxl/spi/SR[0]                      |                8 |             24 |         3.00 |
|  clk108/inst/clk108mhz |                                                  | score/prescaler/count[0]_i_1__3_n_0               |                7 |             27 |         3.86 |
|  clk108/inst/clk108mhz |                                                  | microphone/sampler/count[0]_i_1__1_n_0            |                7 |             27 |         3.86 |
|  clk108/inst/clk108mhz |                                                  |                                                   |               15 |             29 |         1.93 |
|  clk108/inst/clk108mhz | accelerometer/adxl/sel                           | accelerometer/adxl/accel_x_sum0                   |                8 |             32 |         4.00 |
|  clk108/inst/clk108mhz | score/counter/count[0]_i_2_n_0                   | drawer/collision_reg_0                            |                8 |             32 |         4.00 |
|  clk108/inst/clk108mhz | accelerometer/adxl/E[0]                          | accelerometer/adxl/spi/SR[0]                      |               18 |             34 |         1.89 |
|  clk108/inst/clk108mhz | microphone/sampler/E[0]                          |                                                   |               16 |             37 |         2.31 |
|  clk108/inst/clk108mhz | accelerometer/adxl/spi/shift_data_register       |                                                   |                8 |             42 |         5.25 |
+------------------------+--------------------------------------------------+---------------------------------------------------+------------------+----------------+--------------+


